<?xml version="1.0" encoding="UTF-8"?>
<!-- Generated by org.testng.reporters.JUnitXMLReporter -->
<testsuite ignored="13" hostname="LAPTOP" failures="0" tests="2" name="Default test" time="21.963" errors="0" timestamp="27 Mar 2018 09:37:10 GMT">
  <testcase classname="GenericLibraries.BaseClass" name="@BeforeMethod openbrowser" time="21.882">
    <failure type="org.openqa.selenium.remote.UnreachableBrowserException" message="Could not start a new session. Possible causes are invalid address of the remote server or browser start-up failure.
Build info: version: &amp;apos;2.53.1&amp;apos;, revision: &amp;apos;a36b8b1cd5757287168e54b817830adce9b0158d&amp;apos;, time: &amp;apos;2016-06-30 19:26:09&amp;apos;
System info: host: &amp;apos;LAPTOP&amp;apos;, ip: &amp;apos;192.168.200.1&amp;apos;, os.name: &amp;apos;Windows 8.1&amp;apos;, os.arch: &amp;apos;amd64&amp;apos;, os.version: &amp;apos;6.3&amp;apos;, java.version: &amp;apos;9&amp;apos;
Driver info: driver.version: RemoteWebDriver">
      <![CDATA[org.openqa.selenium.remote.UnreachableBrowserException: Could not start a new session. Possible causes are invalid address of the remote server or browser start-up failure.Build info: version: '2.53.1', revision: 'a36b8b1cd5757287168e54b817830adce9b0158d', time: '2016-06-30 19:26:09'System info: host: 'LAPTOP', ip: '192.168.200.1', os.name: 'Windows 8.1', os.arch: 'amd64', os.version: '6.3', java.version: '9'Driver info: driver.version: RemoteWebDriverat org.openqa.selenium.remote.RemoteWebDriver.execute(RemoteWebDriver.java:665)at org.openqa.selenium.remote.RemoteWebDriver.startSession(RemoteWebDriver.java:249)at org.openqa.selenium.remote.RemoteWebDriver.<init>(RemoteWebDriver.java:131)at org.openqa.selenium.remote.RemoteWebDriver.<init>(RemoteWebDriver.java:158)at GenericLibraries.BaseClass.openbrowser(BaseClass.java:38)at java.base/jdk.internal.reflect.NativeMethodAccessorImpl.invoke0(Native Method)at java.base/jdk.internal.reflect.NativeMethodAccessorImpl.invoke(NativeMethodAccessorImpl.java:62)at java.base/jdk.internal.reflect.DelegatingMethodAccessorImpl.invoke(DelegatingMethodAccessorImpl.java:43)at java.base/java.lang.reflect.Method.invoke(Method.java:564)at org.testng.internal.MethodInvocationHelper.invokeMethod(MethodInvocationHelper.java:124)at org.testng.internal.MethodInvocationHelper.invokeMethodConsideringTimeout(MethodInvocationHelper.java:59)at org.testng.internal.Invoker.invokeConfigurationMethod(Invoker.java:451)at org.testng.internal.Invoker.invokeConfigurations(Invoker.java:222)at org.testng.internal.Invoker.invokeMethod(Invoker.java:516)at org.testng.internal.Invoker.invokeTestMethod(Invoker.java:707)at org.testng.internal.Invoker.invokeTestMethods(Invoker.java:979)at org.testng.internal.TestMethodWorker.invokeTestMethods(TestMethodWorker.java:125)at org.testng.internal.TestMethodWorker.run(TestMethodWorker.java:109)at org.testng.TestRunner.privateRun(TestRunner.java:648)at org.testng.TestRunner.run(TestRunner.java:505)at org.testng.SuiteRunner.runTest(SuiteRunner.java:455)at org.testng.SuiteRunner.runSequentially(SuiteRunner.java:450)at org.testng.SuiteRunner.privateRun(SuiteRunner.java:415)at org.testng.SuiteRunner.run(SuiteRunner.java:364)at org.testng.SuiteRunnerWorker.runSuite(SuiteRunnerWorker.java:52)at org.testng.SuiteRunnerWorker.run(SuiteRunnerWorker.java:84)at org.testng.TestNG.runSuitesSequentially(TestNG.java:1187)at org.testng.TestNG.runSuitesLocally(TestNG.java:1116)at org.testng.TestNG.runSuites(TestNG.java:1028)at org.testng.TestNG.run(TestNG.java:996)at org.testng.remote.AbstractRemoteTestNG.run(AbstractRemoteTestNG.java:114)at org.testng.remote.RemoteTestNG.initAndRun(RemoteTestNG.java:251)at org.testng.remote.RemoteTestNG.main(RemoteTestNG.java:77)Caused by: org.apache.http.conn.HttpHostConnectException: Connect to 10.10.14.58:4444 [/10.10.14.58] failed: Connection timed out: connectat org.apache.http.impl.conn.DefaultHttpClientConnectionOperator.connect(DefaultHttpClientConnectionOperator.java:159)at org.apache.http.impl.conn.PoolingHttpClientConnectionManager.connect(PoolingHttpClientConnectionManager.java:359)at org.apache.http.impl.execchain.MainClientExec.establishRoute(MainClientExec.java:381)at org.apache.http.impl.execchain.MainClientExec.execute(MainClientExec.java:237)at org.apache.http.impl.execchain.ProtocolExec.execute(ProtocolExec.java:185)at org.apache.http.impl.execchain.RetryExec.execute(RetryExec.java:89)at org.apache.http.impl.execchain.RedirectExec.execute(RedirectExec.java:111)at org.apache.http.impl.client.InternalHttpClient.doExecute(InternalHttpClient.java:185)at org.apache.http.impl.client.CloseableHttpClient.execute(CloseableHttpClient.java:72)at org.apache.http.impl.client.CloseableHttpClient.execute(CloseableHttpClient.java:56)at org.openqa.selenium.remote.internal.ApacheHttpClient.fallBackExecute(ApacheHttpClient.java:144)at org.openqa.selenium.remote.internal.ApacheHttpClient.execute(ApacheHttpClient.java:90)at org.openqa.selenium.remote.HttpCommandExecutor.execute(HttpCommandExecutor.java:142)at org.openqa.selenium.remote.RemoteWebDriver.execute(RemoteWebDriver.java:644)... 32 moreCaused by: java.net.ConnectException: Connection timed out: connectat java.base/java.net.DualStackPlainSocketImpl.waitForConnect(Native Method)at java.base/java.net.DualStackPlainSocketImpl.socketConnect(DualStackPlainSocketImpl.java:85)at java.base/java.net.AbstractPlainSocketImpl.doConnect(AbstractPlainSocketImpl.java:400)at java.base/java.net.AbstractPlainSocketImpl.connectToAddress(AbstractPlainSocketImpl.java:243)at java.base/java.net.AbstractPlainSocketImpl.connect(AbstractPlainSocketImpl.java:225)at java.base/java.net.PlainSocketImpl.connect(PlainSocketImpl.java:148)at java.base/java.net.SocksSocketImpl.connect(SocksSocketImpl.java:402)at java.base/java.net.Socket.connect(Socket.java:591)at org.apache.http.conn.socket.PlainConnectionSocketFactory.connectSocket(PlainConnectionSocketFactory.java:75)at org.apache.http.impl.conn.DefaultHttpClientConnectionOperator.connect(DefaultHttpClientConnectionOperator.java:142)... 45 more]]>
    </failure>
  </testcase> <!-- @BeforeMethod openbrowser -->
  <testcase classname="GenericLibraries.BaseClass" name="@AfterMethod closebrowser" time="0.0">
    <skipped/>
  </testcase> <!-- @AfterMethod closebrowser -->
  <testcase classname="GenericLibraries.BaseClass" name="@BeforeMethod openbrowser" time="0.0">
    <skipped/>
  </testcase> <!-- @BeforeMethod openbrowser -->
  <testcase classname="GenericLibraries.BaseClass" name="@AfterMethod closebrowser" time="0.0">
    <skipped/>
  </testcase> <!-- @AfterMethod closebrowser -->
  <testcase classname="BankBazaar.CreditTest" name="testscript" time="0.0">
    <skipped/>
  </testcase> <!-- testscript -->
  <testcase classname="BankBazaar.CreditTest2" name="credittest2" time="0.0">
    <skipped/>
  </testcase> <!-- credittest2 -->
  <testcase classname="BankBazaar.Test1" name="creditscoreTest" time="0.0">
    <ignored/>
  </testcase> <!-- creditscoreTest -->
  <testcase classname="GenericLibraries.BaseClass" name="@BeforeSuite extentreport" time="0.0">
    <ignored/>
  </testcase> <!-- @BeforeSuite extentreport -->
  <testcase classname="GenericLibraries.BaseClass" name="@BeforeSuite extentreport" time="0.0">
    <ignored/>
  </testcase> <!-- @BeforeSuite extentreport -->
  <testcase classname="GenericLibraries.BaseClass" name="@BeforeSuite extentreport" time="0.0">
    <ignored/>
  </testcase> <!-- @BeforeSuite extentreport -->
  <testcase classname="GenericLibraries.BaseClass" name="@BeforeSuite extentreport" time="0.0">
    <ignored/>
  </testcase> <!-- @BeforeSuite extentreport -->
  <testcase classname="GenericLibraries.BaseClass" name="@BeforeSuite extentreport" time="0.0">
    <ignored/>
  </testcase> <!-- @BeforeSuite extentreport -->
  <testcase classname="GenericLibraries.BaseClass" name="@BeforeSuite extentreport" time="0.0">
    <ignored/>
  </testcase> <!-- @BeforeSuite extentreport -->
  <testcase classname="GenericLibraries.BaseClass" name="@AfterSuite extentreportclose" time="0.0">
    <ignored/>
  </testcase> <!-- @AfterSuite extentreportclose -->
  <testcase classname="GenericLibraries.BaseClass" name="@AfterSuite extentreportclose" time="0.0">
    <ignored/>
  </testcase> <!-- @AfterSuite extentreportclose -->
  <testcase classname="GenericLibraries.BaseClass" name="@AfterSuite extentreportclose" time="0.0">
    <ignored/>
  </testcase> <!-- @AfterSuite extentreportclose -->
  <testcase classname="GenericLibraries.BaseClass" name="@AfterSuite extentreportclose" time="0.0">
    <ignored/>
  </testcase> <!-- @AfterSuite extentreportclose -->
  <testcase classname="GenericLibraries.BaseClass" name="@AfterSuite extentreportclose" time="0.0">
    <ignored/>
  </testcase> <!-- @AfterSuite extentreportclose -->
  <testcase classname="GenericLibraries.BaseClass" name="@AfterSuite extentreportclose" time="0.0">
    <ignored/>
  </testcase> <!-- @AfterSuite extentreportclose -->
</testsuite> <!-- Default test -->
